<?xml version="1.0" encoding="UTF-8"?>
<testng-results skipped="0" failed="0" total="1" passed="1">
  <reporter-output>
  </reporter-output>
  <suite name="Default suite" duration-ms="6373" started-at="2021-01-02T11:55:24Z" finished-at="2021-01-02T11:55:30Z">
    <groups>
    </groups>
    <test name="Default test" duration-ms="6373" started-at="2021-01-02T11:55:24Z" finished-at="2021-01-02T11:55:30Z">
      <class name="com.RMG.apiTest.RequestChaining">
        <test-method status="PASS" signature="createProjectTest()[pri:0, instance:com.RMG.apiTest.RequestChaining@77167fb7]" name="createProjectTest" duration-ms="6333" started-at="2021-01-02T17:25:24Z" finished-at="2021-01-02T17:25:30Z">
          <reporter-output>
          </reporter-output>
        </test-method> <!-- createProjectTest -->
      </class> <!-- com.RMG.apiTest.RequestChaining -->
    </test> <!-- Default test -->
  </suite> <!-- Default suite -->
</testng-results>
